<?xml version="1.0" encoding="UTF-8"?>
<testng-results ignored="0" total="1" passed="1" failed="0" skipped="0">
  <reporter-output>
  </reporter-output>
  <suite started-at="2023-03-27T11:47:54 IST" name="Default suite" finished-at="2023-03-27T11:48:08 IST" duration-ms="14768">
    <groups>
    </groups>
    <test started-at="2023-03-27T11:47:54 IST" name="Default test" finished-at="2023-03-27T11:48:08 IST" duration-ms="14768">
      <class name="testcases.scenario">
        <test-method signature="testcase()[pri:0, instance:testcases.scenario@121314f7]" started-at="2023-03-27T11:47:54 IST" name="testcase" finished-at="2023-03-27T11:48:08 IST" duration-ms="14718" status="PASS">
          <reporter-output>
          </reporter-output>
        </test-method> <!-- testcase -->
      </class> <!-- testcases.scenario -->
    </test> <!-- Default test -->
  </suite> <!-- Default suite -->
</testng-results>
